d:\opengl_code\distributable\modelview\modelview\release\vc120.pdb
d:\opengl_code\distributable\modelview\modelview\release\win32.obj
d:\opengl_code\distributable\modelview\modelview\release\transformfeedbackutils.obj
d:\opengl_code\distributable\modelview\modelview\release\trackballcamera.obj
d:\opengl_code\distributable\modelview\modelview\release\objutils.obj
d:\opengl_code\distributable\modelview\modelview\release\main.obj
d:\opengl_code\distributable\modelview\modelview\release\gltexture.obj
d:\opengl_code\distributable\modelview\modelview\release\glskybox.obj
d:\opengl_code\distributable\modelview\modelview\release\glshader.obj
d:\opengl_code\distributable\modelview\modelview\release\globject.obj
d:\opengl_code\distributable\modelview\modelview\release\glmesh.obj
d:\opengl_code\distributable\modelview\modelview\release\glframebuffer.obj
d:\opengl_code\distributable\modelview\modelview\release\glcubemaptexture.obj
d:\opengl_code\distributable\modelview\modelview\release\glapplication.obj
d:\opengl_code\distributable\modelview\modelview\release\specrend.obj
d:\opengl_code\distributable\modelview\release\modelview.exe
d:\opengl_code\distributable\modelview\release\modelview.pdb
d:\opengl_code\distributable\modelview\modelview\release\modelview.tlog\cl.command.1.tlog
d:\opengl_code\distributable\modelview\modelview\release\modelview.tlog\cl.read.1.tlog
d:\opengl_code\distributable\modelview\modelview\release\modelview.tlog\cl.write.1.tlog
d:\opengl_code\distributable\modelview\modelview\release\modelview.tlog\link.command.1.tlog
d:\opengl_code\distributable\modelview\modelview\release\modelview.tlog\link.read.1.tlog
d:\opengl_code\distributable\modelview\modelview\release\modelview.tlog\link.write.1.tlog
