d:\opengl_code\distributable\modelview\modelview\debug\vc140.pdb
d:\opengl_code\distributable\modelview\modelview\debug\vc140.idb
d:\opengl_code\distributable\modelview\modelview\debug\glapplication.obj
d:\opengl_code\distributable\modelview\modelview\debug\glcubemaptexture.obj
d:\opengl_code\distributable\modelview\modelview\debug\glframebuffer.obj
d:\opengl_code\distributable\modelview\modelview\debug\glmesh.obj
d:\opengl_code\distributable\modelview\modelview\debug\globject.obj
d:\opengl_code\distributable\modelview\modelview\debug\glshader.obj
d:\opengl_code\distributable\modelview\modelview\debug\glskybox.obj
d:\opengl_code\distributable\modelview\modelview\debug\gltexture.obj
d:\opengl_code\distributable\modelview\modelview\debug\main.obj
d:\opengl_code\distributable\modelview\modelview\debug\objutils.obj
d:\opengl_code\distributable\modelview\modelview\debug\trackballcamera.obj
d:\opengl_code\distributable\modelview\modelview\debug\transformfeedbackutils.obj
d:\opengl_code\distributable\modelview\modelview\debug\win32.obj
d:\opengl_code\distributable\modelview\modelview\debug\specrend.obj
d:\opengl_code\distributable\modelview\modelview\debug\modelview.tlog\cl.command.1.tlog
d:\opengl_code\distributable\modelview\modelview\debug\modelview.tlog\cl.read.1.tlog
d:\opengl_code\distributable\modelview\modelview\debug\modelview.tlog\cl.write.1.tlog
d:\opengl_code\distributable\modelview\modelview\debug\modelview.tlog\link.command.1.tlog
d:\opengl_code\distributable\modelview\modelview\debug\modelview.tlog\link.read.1.tlog
d:\opengl_code\distributable\modelview\modelview\debug\modelview.tlog\link.write.1.tlog
