  Win32.cpp
d:\openglutil\modelview\src\win32.cpp(8): warning C4101: “str”: 未引用的局部变量
  TransformFeedbackUtils.cpp
d:\openglutil\modelview\glm\glm\detail\func_integer.inl(252): warning C4244: “=”: 从“glm::uint64”转换到“glm::uint”，可能丢失数据
d:\openglutil\modelview\glm\glm\detail\func_integer.inl(272): warning C4244: “=”: 从“glm::int64”转换到“int”，可能丢失数据
  TrackBallCamera.cpp
d:\openglutil\modelview\glm\glm\detail\func_integer.inl(252): warning C4244: “=”: 从“glm::uint64”转换到“glm::uint”，可能丢失数据
d:\openglutil\modelview\glm\glm\detail\func_integer.inl(272): warning C4244: “=”: 从“glm::int64”转换到“int”，可能丢失数据
d:\openglutil\modelview\inc\trackballcamera.h(34): warning C4244: “*=”: 从“double”转换到“float”，可能丢失数据
  ObjUtils.cpp
d:\openglutil\modelview\glm\glm\detail\func_integer.inl(252): warning C4244: “=”: 从“glm::uint64”转换到“glm::uint”，可能丢失数据
d:\openglutil\modelview\glm\glm\detail\func_integer.inl(272): warning C4244: “=”: 从“glm::int64”转换到“int”，可能丢失数据
d:\openglutil\modelview\src\objutils.cpp(9): warning C4244: “初始化”: 从“double”转换到“GLfloat”，可能丢失数据
d:\openglutil\modelview\src\objutils.cpp(88): warning C4244: “初始化”: 从“std::streamoff”转换到“size_t”，可能丢失数据
d:\openglutil\modelview\src\objutils.cpp(298): warning C4244: “初始化”: 从“std::streamoff”转换到“size_t”，可能丢失数据
d:\openglutil\modelview\src\objutils.cpp(566): warning C4018: “<”: 有符号/无符号不匹配
d:\openglutil\modelview\src\objutils.cpp(591): warning C4244: “初始化”: 从“double”转换到“GLfloat”，可能丢失数据
  main.cpp
d:\openglutil\modelview\glm\glm\detail\func_integer.inl(252): warning C4244: “=”: 从“glm::uint64”转换到“glm::uint”，可能丢失数据
d:\openglutil\modelview\glm\glm\detail\func_integer.inl(272): warning C4244: “=”: 从“glm::int64”转换到“int”，可能丢失数据
d:\openglutil\modelview\inc\trackballcamera.h(34): warning C4244: “*=”: 从“double”转换到“float”，可能丢失数据
  GLTexture.cpp
d:\openglutil\modelview\glm\glm\detail\func_integer.inl(252): warning C4244: “=”: 从“glm::uint64”转换到“glm::uint”，可能丢失数据
d:\openglutil\modelview\glm\glm\detail\func_integer.inl(272): warning C4244: “=”: 从“glm::int64”转换到“int”，可能丢失数据
  GLSkybox.cpp
d:\openglutil\modelview\glm\glm\detail\func_integer.inl(252): warning C4244: “=”: 从“glm::uint64”转换到“glm::uint”，可能丢失数据
d:\openglutil\modelview\glm\glm\detail\func_integer.inl(272): warning C4244: “=”: 从“glm::int64”转换到“int”，可能丢失数据
  GLShader.cpp
d:\openglutil\modelview\glm\glm\detail\func_integer.inl(252): warning C4244: “=”: 从“glm::uint64”转换到“glm::uint”，可能丢失数据
d:\openglutil\modelview\glm\glm\detail\func_integer.inl(272): warning C4244: “=”: 从“glm::int64”转换到“int”，可能丢失数据
d:\openglutil\modelview\src\glshader.cpp(154): warning C4244: “初始化”: 从“std::streamoff”转换到“size_t”，可能丢失数据
  GLObject.cpp
d:\openglutil\modelview\glm\glm\detail\func_integer.inl(252): warning C4244: “=”: 从“glm::uint64”转换到“glm::uint”，可能丢失数据
d:\openglutil\modelview\glm\glm\detail\func_integer.inl(272): warning C4244: “=”: 从“glm::int64”转换到“int”，可能丢失数据
  GLMesh.cpp
d:\openglutil\modelview\glm\glm\detail\func_integer.inl(252): warning C4244: “=”: 从“glm::uint64”转换到“glm::uint”，可能丢失数据
d:\openglutil\modelview\glm\glm\detail\func_integer.inl(272): warning C4244: “=”: 从“glm::int64”转换到“int”，可能丢失数据
d:\openglutil\modelview\src\glmesh.cpp(169): warning C4018: “<”: 有符号/无符号不匹配
d:\openglutil\modelview\src\glmesh.cpp(581): warning C4018: “<”: 有符号/无符号不匹配
  GLFramebuffer.cpp
d:\openglutil\modelview\glm\glm\detail\func_integer.inl(252): warning C4244: “=”: 从“glm::uint64”转换到“glm::uint”，可能丢失数据
d:\openglutil\modelview\glm\glm\detail\func_integer.inl(272): warning C4244: “=”: 从“glm::int64”转换到“int”，可能丢失数据
  GLCubemapTexture.cpp
d:\openglutil\modelview\glm\glm\detail\func_integer.inl(252): warning C4244: “=”: 从“glm::uint64”转换到“glm::uint”，可能丢失数据
d:\openglutil\modelview\glm\glm\detail\func_integer.inl(272): warning C4244: “=”: 从“glm::int64”转换到“int”，可能丢失数据
  GLApplication.cpp
d:\openglutil\modelview\glm\glm\detail\func_integer.inl(252): warning C4244: “=”: 从“glm::uint64”转换到“glm::uint”，可能丢失数据
d:\openglutil\modelview\glm\glm\detail\func_integer.inl(272): warning C4244: “=”: 从“glm::int64”转换到“int”，可能丢失数据
d:\openglutil\modelview\src\glapplication.cpp(141): warning C4244: “=”: 从“double”转换到“int”，可能丢失数据
d:\openglutil\modelview\src\glapplication.cpp(142): warning C4244: “=”: 从“double”转换到“int”，可能丢失数据
d:\openglutil\modelview\src\glapplication.cpp(143): warning C4244: “参数”: 从“double”转换到“int”，可能丢失数据
  正在生成代码...
  specrend.c
glfw3d.lib(context.obj) : warning LNK4099: 未找到 PDB“glfw.pdb”(使用“glfw3d.lib(context.obj)”或在“D:\OpenGLUtil\ModelView\Debug\glfw.pdb”中寻找)；正在链接对象，如同没有调试信息一样
glfw3d.lib(init.obj) : warning LNK4099: 未找到 PDB“glfw.pdb”(使用“glfw3d.lib(init.obj)”或在“D:\OpenGLUtil\ModelView\Debug\glfw.pdb”中寻找)；正在链接对象，如同没有调试信息一样
glfw3d.lib(input.obj) : warning LNK4099: 未找到 PDB“glfw.pdb”(使用“glfw3d.lib(input.obj)”或在“D:\OpenGLUtil\ModelView\Debug\glfw.pdb”中寻找)；正在链接对象，如同没有调试信息一样
glfw3d.lib(monitor.obj) : warning LNK4099: 未找到 PDB“glfw.pdb”(使用“glfw3d.lib(monitor.obj)”或在“D:\OpenGLUtil\ModelView\Debug\glfw.pdb”中寻找)；正在链接对象，如同没有调试信息一样
glfw3d.lib(window.obj) : warning LNK4099: 未找到 PDB“glfw.pdb”(使用“glfw3d.lib(window.obj)”或在“D:\OpenGLUtil\ModelView\Debug\glfw.pdb”中寻找)；正在链接对象，如同没有调试信息一样
glfw3d.lib(win32_init.obj) : warning LNK4099: 未找到 PDB“glfw.pdb”(使用“glfw3d.lib(win32_init.obj)”或在“D:\OpenGLUtil\ModelView\Debug\glfw.pdb”中寻找)；正在链接对象，如同没有调试信息一样
glfw3d.lib(win32_monitor.obj) : warning LNK4099: 未找到 PDB“glfw.pdb”(使用“glfw3d.lib(win32_monitor.obj)”或在“D:\OpenGLUtil\ModelView\Debug\glfw.pdb”中寻找)；正在链接对象，如同没有调试信息一样
glfw3d.lib(win32_time.obj) : warning LNK4099: 未找到 PDB“glfw.pdb”(使用“glfw3d.lib(win32_time.obj)”或在“D:\OpenGLUtil\ModelView\Debug\glfw.pdb”中寻找)；正在链接对象，如同没有调试信息一样
glfw3d.lib(win32_tls.obj) : warning LNK4099: 未找到 PDB“glfw.pdb”(使用“glfw3d.lib(win32_tls.obj)”或在“D:\OpenGLUtil\ModelView\Debug\glfw.pdb”中寻找)；正在链接对象，如同没有调试信息一样
glfw3d.lib(win32_window.obj) : warning LNK4099: 未找到 PDB“glfw.pdb”(使用“glfw3d.lib(win32_window.obj)”或在“D:\OpenGLUtil\ModelView\Debug\glfw.pdb”中寻找)；正在链接对象，如同没有调试信息一样
glfw3d.lib(winmm_joystick.obj) : warning LNK4099: 未找到 PDB“glfw.pdb”(使用“glfw3d.lib(winmm_joystick.obj)”或在“D:\OpenGLUtil\ModelView\Debug\glfw.pdb”中寻找)；正在链接对象，如同没有调试信息一样
glfw3d.lib(wgl_context.obj) : warning LNK4099: 未找到 PDB“glfw.pdb”(使用“glfw3d.lib(wgl_context.obj)”或在“D:\OpenGLUtil\ModelView\Debug\glfw.pdb”中寻找)；正在链接对象，如同没有调试信息一样
  ModelView.vcxproj -> D:\OpenGLUtil\ModelView\Debug\ModelView.exe
